Determining if the pthread_create exist failed with the following output:
Change Dir: /home/travis/build/StefanoBelli/xxtelebot/CMakeFiles/CMakeTmp

Run Build Command:"/usr/bin/make" "cmTC_a00d1/fast"
/usr/bin/make -f CMakeFiles/cmTC_a00d1.dir/build.make CMakeFiles/cmTC_a00d1.dir/build
make[1]: Entering directory `/home/travis/build/StefanoBelli/xxtelebot/CMakeFiles/CMakeTmp'
Building CXX object CMakeFiles/cmTC_a00d1.dir/CheckSymbolExists.cxx.o
/usr/bin/g++    -Wall -Wextra -O2 -finline-functions    -o CMakeFiles/cmTC_a00d1.dir/CheckSymbolExists.cxx.o -c /home/travis/build/StefanoBelli/xxtelebot/CMakeFiles/CMakeTmp/CheckSymbolExists.cxx
Linking CXX executable cmTC_a00d1
/usr/local/cmake-3.9.2/bin/cmake -E cmake_link_script CMakeFiles/cmTC_a00d1.dir/link.txt --verbose=1
/usr/bin/g++  -Wall -Wextra -O2 -finline-functions     -rdynamic CMakeFiles/cmTC_a00d1.dir/CheckSymbolExists.cxx.o  -o cmTC_a00d1 
CMakeFiles/cmTC_a00d1.dir/CheckSymbolExists.cxx.o: In function `main':
CheckSymbolExists.cxx:(.text.startup+0x6): undefined reference to `pthread_create'
collect2: error: ld returned 1 exit status
make[1]: *** [cmTC_a00d1] Error 1
make[1]: Leaving directory `/home/travis/build/StefanoBelli/xxtelebot/CMakeFiles/CMakeTmp'
make: *** [cmTC_a00d1/fast] Error 2

File /home/travis/build/StefanoBelli/xxtelebot/CMakeFiles/CMakeTmp/CheckSymbolExists.cxx:
/* */
#include <pthread.h>

int main(int argc, char** argv)
{
  (void)argv;
#ifndef pthread_create
  return ((int*)(&pthread_create))[argc];
#else
  (void)argc;
  return 0;
#endif
}

Determining if the function pthread_create exists in the pthreads failed with the following output:
Change Dir: /home/travis/build/StefanoBelli/xxtelebot/CMakeFiles/CMakeTmp

Run Build Command:"/usr/bin/make" "cmTC_78acf/fast"
/usr/bin/make -f CMakeFiles/cmTC_78acf.dir/build.make CMakeFiles/cmTC_78acf.dir/build
make[1]: Entering directory `/home/travis/build/StefanoBelli/xxtelebot/CMakeFiles/CMakeTmp'
Building CXX object CMakeFiles/cmTC_78acf.dir/CheckFunctionExists.cxx.o
/usr/bin/g++    -Wall -Wextra -O2 -finline-functions -DCHECK_FUNCTION_EXISTS=pthread_create   -o CMakeFiles/cmTC_78acf.dir/CheckFunctionExists.cxx.o -c /home/travis/build/StefanoBelli/xxtelebot/CMakeFiles/CheckLibraryExists/CheckFunctionExists.cxx
Linking CXX executable cmTC_78acf
/usr/local/cmake-3.9.2/bin/cmake -E cmake_link_script CMakeFiles/cmTC_78acf.dir/link.txt --verbose=1
/usr/bin/g++  -Wall -Wextra -O2 -finline-functions -DCHECK_FUNCTION_EXISTS=pthread_create    -rdynamic CMakeFiles/cmTC_78acf.dir/CheckFunctionExists.cxx.o  -o cmTC_78acf -lpthreads 
/usr/bin/ld: cannot find -lpthreads
collect2: error: ld returned 1 exit status
make[1]: *** [cmTC_78acf] Error 1
make[1]: Leaving directory `/home/travis/build/StefanoBelli/xxtelebot/CMakeFiles/CMakeTmp'
make: *** [cmTC_78acf/fast] Error 2


